[ 2015-10-12T20:29:08+08:00 ] ::1 /thinkcmfx/index.php/organization/organization/doapply/orgid/3
INFO: [ app_begin ] --START--
INFO: Run Behavior\ReadHtmlCacheBehavior [ RunTime:0.001496s ]
INFO: Run Behavior\CheckLangBehavior [ RunTime:0.001980s ]
INFO: [ app_begin ] --END-- [ RunTime:0.004361s ]
SQL: SHOW COLUMNS FROM `sp_users` [ RunTime:0.0158s ]
SQL: SELECT `user_status` FROM `sp_users` WHERE `id` = '2' LIMIT 1   [ RunTime:0.0010s ]
SQL: SHOW COLUMNS FROM `sp_user_org` [ RunTime:0.0319s ]
SQL: SHOW COLUMNS FROM `sp_user_register` [ RunTime:0.0155s ]
SQL: SELECT * FROM `sp_user_org` WHERE `user_id` = '2' AND `ORG_ID` = 3 LIMIT 1   [ RunTime:0.0004s ]
SQL: SELECT * FROM `sp_user_register` WHERE `user_id` = 2 AND `ORG_ID` = 3 LIMIT 1   [ RunTime:0.0004s ]
SQL: SELECT `user_login`,`user_pass`,`user_nicename`,`user_email`,`tel`,`city`,`user_url`,`avatar`,`sex`,`birthday`,`signature`,`last_login_ip`,`last_login_time`,`create_time`,`user_activation_key`,`user_status`,`score`,`user_type` FROM `sp_users` WHERE ( id=2 ) LIMIT 1   [ RunTime:0.0004s ]
SQL: INSERT INTO `sp_user_register` (`user_login`,`user_nicename`,`user_email`,`tel`,`city`,`user_url`,`avatar`,`sex`,`birthday`,`signature`,`user_status`,`ORG_ID`,`user_id`,`createtime`,`whyjoin`) VALUES ('yiqiao','yiqiao','17870sdf9@qq.com','','52','','55e9a9dceb5c2.jpg','0',NULL,NULL,'1','3','2','1444652948','喜欢，任性！') [ RunTime:0.0139s ]
NOTIC: [8] Undefined index: url D:\wamp\www\ThinkCMFX\application\Common\Controller\AppframeController.class.php 第 45 行.
NOTIC: [8] Undefined index: status D:\wamp\www\ThinkCMFX\application\Common\Controller\AppframeController.class.php 第 46 行.

[ 2015-10-12T20:29:12+08:00 ] ::1 /thinkcmfx/index.php/organization/organization/doapply/orgid/3
INFO: [ app_begin ] --START--
INFO: Run Behavior\ReadHtmlCacheBehavior [ RunTime:0.001082s ]
INFO: Run Behavior\CheckLangBehavior [ RunTime:0.002778s ]
INFO: [ app_begin ] --END-- [ RunTime:0.004806s ]
SQL: SHOW COLUMNS FROM `sp_users` [ RunTime:0.0159s ]
SQL: SELECT `user_status` FROM `sp_users` WHERE `id` = '2' LIMIT 1   [ RunTime:0.0003s ]
SQL: SHOW COLUMNS FROM `sp_user_org` [ RunTime:0.0167s ]
SQL: SHOW COLUMNS FROM `sp_user_register` [ RunTime:0.0157s ]
SQL: SELECT * FROM `sp_user_org` WHERE `user_id` = '2' AND `ORG_ID` = 3 LIMIT 1   [ RunTime:0.0004s ]
SQL: SELECT * FROM `sp_user_register` WHERE `user_id` = 2 AND `ORG_ID` = 3 LIMIT 1   [ RunTime:0.0005s ]
NOTIC: [8] Undefined index: url D:\wamp\www\ThinkCMFX\application\Common\Controller\AppframeController.class.php 第 45 行.
NOTIC: [8] Undefined index: status D:\wamp\www\ThinkCMFX\application\Common\Controller\AppframeController.class.php 第 46 行.

[ 2015-10-12T20:30:15+08:00 ] ::1 /thinkcmfx/index.php/organization/organization/doapply/orgid/3
INFO: [ app_begin ] --START--
INFO: Run Behavior\ReadHtmlCacheBehavior [ RunTime:0.000938s ]
INFO: Run Behavior\CheckLangBehavior [ RunTime:0.001966s ]
INFO: [ app_begin ] --END-- [ RunTime:0.008775s ]
SQL: SHOW COLUMNS FROM `sp_users` [ RunTime:0.0241s ]
SQL: SELECT `user_status` FROM `sp_users` WHERE `id` = '2' LIMIT 1   [ RunTime:0.0004s ]
SQL: SHOW COLUMNS FROM `sp_user_org` [ RunTime:0.0299s ]
SQL: SHOW COLUMNS FROM `sp_user_register` [ RunTime:0.0128s ]
SQL: SELECT * FROM `sp_user_org` WHERE `user_id` = '2' AND `ORG_ID` = 3 LIMIT 1   [ RunTime:0.0015s ]
SQL: SELECT * FROM `sp_user_register` WHERE `user_id` = 2 AND `ORG_ID` = 3 LIMIT 1   [ RunTime:0.0005s ]
NOTIC: [8] Undefined index: url D:\wamp\www\ThinkCMFX\application\Common\Controller\AppframeController.class.php 第 45 行.
NOTIC: [8] Undefined index: status D:\wamp\www\ThinkCMFX\application\Common\Controller\AppframeController.class.php 第 46 行.

[ 2015-10-12T21:47:43+08:00 ] ::1 /thinkcmfx/index.php/organization/organization/doapply/orgid/3
INFO: [ app_begin ] --START--
INFO: Run Behavior\ReadHtmlCacheBehavior [ RunTime:0.000964s ]
INFO: Run Behavior\CheckLangBehavior [ RunTime:0.001424s ]
INFO: [ app_begin ] --END-- [ RunTime:0.003084s ]

[ 2015-10-12T21:47:45+08:00 ] ::1 /thinkcmfx/index.php/organization/organization/doapply/orgid/3
INFO: [ app_begin ] --START--
INFO: Run Behavior\ReadHtmlCacheBehavior [ RunTime:0.000875s ]
INFO: Run Behavior\CheckLangBehavior [ RunTime:0.001417s ]
INFO: [ app_begin ] --END-- [ RunTime:0.002998s ]

[ 2015-10-12T21:47:45+08:00 ] ::1 /thinkcmfx/index.php/organization/organization/doapply/orgid/3
INFO: [ app_begin ] --START--
INFO: Run Behavior\ReadHtmlCacheBehavior [ RunTime:0.001101s ]
INFO: Run Behavior\CheckLangBehavior [ RunTime:0.001378s ]
INFO: [ app_begin ] --END-- [ RunTime:0.003394s ]

[ 2015-10-12T21:47:52+08:00 ] ::1 /thinkcmfx/index.php/organization/organization/doapply/orgid/3
INFO: [ app_begin ] --START--
INFO: Run Behavior\ReadHtmlCacheBehavior [ RunTime:0.001524s ]
INFO: Run Behavior\CheckLangBehavior [ RunTime:0.002017s ]
INFO: [ app_begin ] --END-- [ RunTime:0.004426s ]

[ 2015-10-12T21:47:52+08:00 ] ::1 /thinkcmfx/index.php/organization/organization/doapply/orgid/3
INFO: [ app_begin ] --START--
INFO: Run Behavior\ReadHtmlCacheBehavior [ RunTime:0.001274s ]
INFO: Run Behavior\CheckLangBehavior [ RunTime:0.001592s ]
INFO: [ app_begin ] --END-- [ RunTime:0.003633s ]

[ 2015-10-12T21:47:52+08:00 ] ::1 /thinkcmfx/index.php/organization/organization/doapply/orgid/3
INFO: [ app_begin ] --START--
INFO: Run Behavior\ReadHtmlCacheBehavior [ RunTime:0.001436s ]
INFO: Run Behavior\CheckLangBehavior [ RunTime:0.001916s ]
INFO: [ app_begin ] --END-- [ RunTime:0.004127s ]

[ 2015-10-12T21:47:53+08:00 ] ::1 /thinkcmfx/index.php/organization/organization/doapply/orgid/3
INFO: [ app_begin ] --START--
INFO: Run Behavior\ReadHtmlCacheBehavior [ RunTime:0.001423s ]
INFO: Run Behavior\CheckLangBehavior [ RunTime:0.001923s ]
INFO: [ app_begin ] --END-- [ RunTime:0.004240s ]

[ 2015-10-12T21:53:20+08:00 ] ::1 /thinkcmfx/index.php/Organization/OrganizationAdmin/agreeapply/id/39/orgid/3
INFO: [ app_begin ] --START--
INFO: Run Behavior\ReadHtmlCacheBehavior [ RunTime:0.000870s ]
INFO: Run Behavior\CheckLangBehavior [ RunTime:0.001560s ]
INFO: [ app_begin ] --END-- [ RunTime:0.003097s ]
SQL: SHOW COLUMNS FROM `sp_user_register` [ RunTime:0.0141s ]
SQL: SELECT * FROM `sp_user_register` WHERE ( id=39 ) LIMIT 1   [ RunTime:0.0004s ]
SQL: SHOW COLUMNS FROM `sp_user_org` [ RunTime:0.0329s ]
SQL: SELECT * FROM `sp_user_org` WHERE `user_id` = 2 AND `ORG_ID` = 3 LIMIT 1   [ RunTime:0.0004s ]
SQL: INSERT INTO `sp_user_org` (`user_id`,`ORG_ID`,`identify`,`status`,`createtime`) VALUES ('2','3','3','1','1444658000') [ RunTime:0.0011s ]
SQL: SHOW COLUMNS FROM `sp_organization` [ RunTime:0.0118s ]
NOTIC: [8] Undefined offset: 0 D:\wamp\www\ThinkCMFX\simplewind\Core\Library\Think\Db\Driver.class.php 第 362 行.
NOTIC: [8] Undefined variable: set D:\wamp\www\ThinkCMFX\simplewind\Core\Library\Think\Db\Driver.class.php 第 376 行.
NOTIC: [2] implode() [<a href='function.implode'>function.implode</a>]: Invalid arguments passed D:\wamp\www\ThinkCMFX\simplewind\Core\Library\Think\Db\Driver.class.php 第 376 行.
ERR: SQLSTATE[42000]: Syntax error or access violation: 1064 You have an error in your SQL syntax; check the manual that corresponds to your MySQL server version for the right syntax to use near 'WHERE `id` = 3' at line 1

[ 2015-10-12T21:54:25+08:00 ] ::1 /thinkcmfx/index.php/Organization/OrganizationAdmin/agreeapply/id/39/orgid/3
INFO: [ app_begin ] --START--
INFO: Run Behavior\ReadHtmlCacheBehavior [ RunTime:0.000807s ]
INFO: Run Behavior\CheckLangBehavior [ RunTime:0.001337s ]
INFO: [ app_begin ] --END-- [ RunTime:0.003175s ]
SQL: SHOW COLUMNS FROM `sp_user_register` [ RunTime:0.0146s ]
SQL: SELECT * FROM `sp_user_register` WHERE ( id=39 ) LIMIT 1   [ RunTime:0.0004s ]
SQL: SHOW COLUMNS FROM `sp_user_org` [ RunTime:0.0150s ]
SQL: SELECT * FROM `sp_user_org` WHERE `user_id` = 2 AND `ORG_ID` = 3 LIMIT 1   [ RunTime:0.0004s ]

[ 2015-10-12T21:54:43+08:00 ] ::1 /thinkcmfx/index.php/Organization/OrganizationAdmin/agreeapply/id/39/orgid/3
INFO: [ app_begin ] --START--
INFO: Run Behavior\ReadHtmlCacheBehavior [ RunTime:0.000669s ]
INFO: Run Behavior\CheckLangBehavior [ RunTime:0.001085s ]
INFO: [ app_begin ] --END-- [ RunTime:0.002438s ]
SQL: SHOW COLUMNS FROM `sp_user_register` [ RunTime:0.0289s ]
SQL: SELECT * FROM `sp_user_register` WHERE ( id=39 ) LIMIT 1   [ RunTime:0.0004s ]
SQL: SHOW COLUMNS FROM `sp_user_org` [ RunTime:0.0143s ]
SQL: SELECT * FROM `sp_user_org` WHERE `user_id` = 2 AND `ORG_ID` = 3 LIMIT 1   [ RunTime:0.0004s ]

[ 2015-10-12T22:00:17+08:00 ] ::1 /thinkcmfx/index.php/Organization/OrganizationAdmin/agreeapply/id/37/orgid/3
INFO: [ app_begin ] --START--
INFO: Run Behavior\ReadHtmlCacheBehavior [ RunTime:0.000892s ]
INFO: Run Behavior\CheckLangBehavior [ RunTime:0.001221s ]
INFO: [ app_begin ] --END-- [ RunTime:0.002894s ]
SQL: SHOW COLUMNS FROM `sp_user_register` [ RunTime:0.0127s ]
SQL: SELECT * FROM `sp_user_register` WHERE ( id=37 ) LIMIT 1   [ RunTime:0.0006s ]
SQL: SHOW COLUMNS FROM `sp_user_org` [ RunTime:0.0137s ]
SQL: SELECT * FROM `sp_user_org` WHERE `user_id` = 2 AND `ORG_ID` = 3 LIMIT 1   [ RunTime:0.0005s ]

