[ 2015-10-12T20:10:56+08:00 ] ::1 /thinkcmfx/index.php/user/index/is_login
INFO: [ app_begin ] --START--
INFO: Run Behavior\ReadHtmlCacheBehavior [ RunTime:0.000804s ]
INFO: Run Behavior\CheckLangBehavior [ RunTime:0.001206s ]
INFO: [ app_begin ] --END-- [ RunTime:0.002797s ]
NOTIC: [8] Undefined index: orgid D:\wamp\www\ThinkCMFX\application\User\Controller\IndexController.class.php 第 29 行.
NOTIC: [8] Undefined index: url D:\wamp\www\ThinkCMFX\application\Common\Controller\AppframeController.class.php 第 45 行.

[ 2015-10-12T20:11:01+08:00 ] ::1 /thinkcmfx/index.php/user/index/is_login
INFO: [ app_begin ] --START--
INFO: Run Behavior\ReadHtmlCacheBehavior [ RunTime:0.001738s ]
INFO: Run Behavior\CheckLangBehavior [ RunTime:0.002327s ]
INFO: [ app_begin ] --END-- [ RunTime:0.004734s ]
NOTIC: [8] Undefined index: orgid D:\wamp\www\ThinkCMFX\application\User\Controller\IndexController.class.php 第 29 行.
NOTIC: [8] Undefined index: url D:\wamp\www\ThinkCMFX\application\Common\Controller\AppframeController.class.php 第 45 行.

[ 2015-10-12T20:11:15+08:00 ] ::1 /thinkcmfx/index.php/user/register/doregister
INFO: [ app_begin ] --START--
INFO: Run Behavior\ReadHtmlCacheBehavior [ RunTime:0.000653s ]
INFO: Run Behavior\CheckLangBehavior [ RunTime:0.001055s ]
INFO: [ app_begin ] --END-- [ RunTime:0.002333s ]
SQL: SHOW COLUMNS FROM `sp_users` [ RunTime:0.0126s ]
SQL: SHOW COLUMNS FROM `sp_options` [ RunTime:0.0094s ]
SQL: SELECT * FROM `sp_options` WHERE ( option_name='cmf_settings' ) LIMIT 1   [ RunTime:0.0003s ]
SQL: SELECT COUNT(*) AS tp_count FROM `sp_users` WHERE `user_login` = '3bbbb' OR `user_email` = '2d@asd.dfd' LIMIT 1   [ RunTime:0.0004s ]

[ 2015-10-12T20:11:18+08:00 ] ::1 /thinkcmfx/index.php/user/register/doregister
INFO: [ app_begin ] --START--
INFO: Run Behavior\ReadHtmlCacheBehavior [ RunTime:0.000712s ]
INFO: Run Behavior\CheckLangBehavior [ RunTime:0.002964s ]
INFO: [ app_begin ] --END-- [ RunTime:0.004440s ]
SQL: SHOW COLUMNS FROM `sp_users` [ RunTime:0.0181s ]
SQL: SELECT COUNT(*) AS tp_count FROM `sp_users` WHERE `user_login` = '3bbbb' OR `user_email` = '2d@asd.dfdd' LIMIT 1   [ RunTime:0.0004s ]
SQL: INSERT INTO `sp_users` (`user_login`,`user_email`,`user_nicename`,`user_pass`,`last_login_ip`,`create_time`,`last_login_time`,`user_status`,`user_type`,`city`) VALUES ('3bbbb','2d@asd.dfdd','3bbbb','c535018ee946827ccb0eea8a706c4c34a16891f84e7b89af','0.0.0.0','2015-10-12 20:11:18','2015-10-12 20:11:18','1','2','56') [ RunTime:0.0004s ]

[ 2015-10-12T20:11:20+08:00 ] ::1 /thinkcmfx/index.php/user/index/is_login
INFO: [ app_begin ] --START--
INFO: Run Behavior\ReadHtmlCacheBehavior [ RunTime:0.000786s ]
INFO: Run Behavior\CheckLangBehavior [ RunTime:0.001755s ]
INFO: [ app_begin ] --END-- [ RunTime:0.003455s ]
NOTIC: [8] Undefined index: orgid D:\wamp\www\ThinkCMFX\application\User\Controller\IndexController.class.php 第 29 行.
NOTIC: [8] Undefined index: url D:\wamp\www\ThinkCMFX\application\Common\Controller\AppframeController.class.php 第 45 行.

[ 2015-10-12T20:11:27+08:00 ] ::1 /thinkcmfx/index.php/user/index/is_login
INFO: [ app_begin ] --START--
INFO: Run Behavior\ReadHtmlCacheBehavior [ RunTime:0.001133s ]
INFO: Run Behavior\CheckLangBehavior [ RunTime:0.002325s ]
INFO: [ app_begin ] --END-- [ RunTime:0.004468s ]
NOTIC: [8] Undefined index: orgid D:\wamp\www\ThinkCMFX\application\User\Controller\IndexController.class.php 第 29 行.
NOTIC: [8] Undefined index: url D:\wamp\www\ThinkCMFX\application\Common\Controller\AppframeController.class.php 第 45 行.

[ 2015-10-12T20:11:37+08:00 ] ::1 /thinkcmfx/index.php/user/register/doregister
INFO: [ app_begin ] --START--
INFO: Run Behavior\ReadHtmlCacheBehavior [ RunTime:0.000888s ]
INFO: Run Behavior\CheckLangBehavior [ RunTime:0.001335s ]
INFO: [ app_begin ] --END-- [ RunTime:0.003111s ]
SQL: SHOW COLUMNS FROM `sp_users` [ RunTime:0.0131s ]
SQL: SELECT COUNT(*) AS tp_count FROM `sp_users` WHERE `user_login` = '3cccc' OR `user_email` = '2d@asd.dfdd' LIMIT 1   [ RunTime:0.0004s ]

[ 2015-10-12T20:11:40+08:00 ] ::1 /thinkcmfx/index.php/user/register/doregister
INFO: [ app_begin ] --START--
INFO: Run Behavior\ReadHtmlCacheBehavior [ RunTime:0.000839s ]
INFO: Run Behavior\CheckLangBehavior [ RunTime:0.001330s ]
INFO: [ app_begin ] --END-- [ RunTime:0.002813s ]
SQL: SHOW COLUMNS FROM `sp_users` [ RunTime:0.0145s ]
SQL: SELECT COUNT(*) AS tp_count FROM `sp_users` WHERE `user_login` = '3cccc' OR `user_email` = '2d@asd.dfddd' LIMIT 1   [ RunTime:0.0010s ]
SQL: INSERT INTO `sp_users` (`user_login`,`user_email`,`user_nicename`,`user_pass`,`last_login_ip`,`create_time`,`last_login_time`,`user_status`,`user_type`,`city`) VALUES ('3cccc','2d@asd.dfddd','3cccc','c535018ee946827ccb0eea8a706c4c34a16891f84e7b89af','0.0.0.0','2015-10-12 20:11:40','2015-10-12 20:11:40','1','2','75') [ RunTime:0.0006s ]

[ 2015-10-12T20:11:42+08:00 ] ::1 /thinkcmfx/index.php/user/index/is_login
INFO: [ app_begin ] --START--
INFO: Run Behavior\ReadHtmlCacheBehavior [ RunTime:0.001859s ]
INFO: Run Behavior\CheckLangBehavior [ RunTime:0.001735s ]
INFO: [ app_begin ] --END-- [ RunTime:0.004409s ]
NOTIC: [8] Undefined index: orgid D:\wamp\www\ThinkCMFX\application\User\Controller\IndexController.class.php 第 29 行.
NOTIC: [8] Undefined index: url D:\wamp\www\ThinkCMFX\application\Common\Controller\AppframeController.class.php 第 45 行.

[ 2015-10-12T20:11:46+08:00 ] ::1 /thinkcmfx/index.php/user/index/is_login
INFO: [ app_begin ] --START--
INFO: Run Behavior\ReadHtmlCacheBehavior [ RunTime:0.000841s ]
INFO: Run Behavior\CheckLangBehavior [ RunTime:0.001186s ]
INFO: [ app_begin ] --END-- [ RunTime:0.002792s ]
NOTIC: [8] Undefined index: orgid D:\wamp\www\ThinkCMFX\application\User\Controller\IndexController.class.php 第 29 行.
NOTIC: [8] Undefined index: url D:\wamp\www\ThinkCMFX\application\Common\Controller\AppframeController.class.php 第 45 行.

[ 2015-10-12T20:12:01+08:00 ] ::1 /thinkcmfx/index.php/user/register/doregister
INFO: [ app_begin ] --START--
INFO: Run Behavior\ReadHtmlCacheBehavior [ RunTime:0.000849s ]
INFO: Run Behavior\CheckLangBehavior [ RunTime:0.001417s ]
INFO: [ app_begin ] --END-- [ RunTime:0.002918s ]
SQL: SHOW COLUMNS FROM `sp_users` [ RunTime:0.0203s ]
SQL: SELECT COUNT(*) AS tp_count FROM `sp_users` WHERE `user_login` = '3fff' OR `user_email` = '2d@asd.dfaa' LIMIT 1   [ RunTime:0.0004s ]
SQL: INSERT INTO `sp_users` (`user_login`,`user_email`,`user_nicename`,`user_pass`,`last_login_ip`,`create_time`,`last_login_time`,`user_status`,`user_type`,`city`) VALUES ('3fff','2d@asd.dfaa','3fff','c535018ee946827ccb0eea8a706c4c34a16891f84e7b89af','0.0.0.0','2015-10-12 20:12:01','2015-10-12 20:12:01','1','2','39') [ RunTime:0.0004s ]

[ 2015-10-12T20:12:03+08:00 ] ::1 /thinkcmfx/index.php/user/index/is_login
INFO: [ app_begin ] --START--
INFO: Run Behavior\ReadHtmlCacheBehavior [ RunTime:0.000996s ]
INFO: Run Behavior\CheckLangBehavior [ RunTime:0.001527s ]
INFO: [ app_begin ] --END-- [ RunTime:0.003237s ]
NOTIC: [8] Undefined index: orgid D:\wamp\www\ThinkCMFX\application\User\Controller\IndexController.class.php 第 29 行.
NOTIC: [8] Undefined index: url D:\wamp\www\ThinkCMFX\application\Common\Controller\AppframeController.class.php 第 45 行.

[ 2015-10-12T20:17:59+08:00 ] ::1 /thinkcmfx/index.php/user/login/dologin
INFO: [ app_begin ] --START--
INFO: Run Behavior\ReadHtmlCacheBehavior [ RunTime:0.000953s ]
INFO: Run Behavior\CheckLangBehavior [ RunTime:0.001483s ]
INFO: [ app_begin ] --END-- [ RunTime:0.003112s ]
SQL: SHOW COLUMNS FROM `sp_users` [ RunTime:0.1126s ]
SQL: SELECT * FROM `sp_users` WHERE `user_login` = 'yiqiao' LIMIT 1   [ RunTime:0.0013s ]
SQL: UPDATE `sp_users` SET `last_login_time`='2015-10-12 20:17:59',`last_login_ip`='0.0.0.0' WHERE ( id=2 ) [ RunTime:0.0013s ]

[ 2015-10-12T20:18:00+08:00 ] ::1 /thinkcmfx/index.php/user/index/is_login
INFO: [ app_begin ] --START--
INFO: Run Behavior\ReadHtmlCacheBehavior [ RunTime:0.001120s ]
INFO: Run Behavior\CheckLangBehavior [ RunTime:0.001848s ]
INFO: [ app_begin ] --END-- [ RunTime:0.003985s ]
NOTIC: [8] Undefined index: orgid D:\wamp\www\ThinkCMFX\application\User\Controller\IndexController.class.php 第 29 行.
NOTIC: [8] Undefined index: url D:\wamp\www\ThinkCMFX\application\Common\Controller\AppframeController.class.php 第 45 行.

[ 2015-10-12T20:18:03+08:00 ] ::1 /thinkcmfx/index.php/user/index/is_login/orgid/1
INFO: [ app_begin ] --START--
INFO: Run Behavior\ReadHtmlCacheBehavior [ RunTime:0.001241s ]
INFO: Run Behavior\CheckLangBehavior [ RunTime:0.001910s ]
INFO: [ app_begin ] --END-- [ RunTime:0.004057s ]
SQL: SHOW COLUMNS FROM `sp_user_org` [ RunTime:0.0278s ]
SQL: SELECT * FROM `sp_user_org` WHERE `ORG_ID` = 1 AND `user_id` = '2' LIMIT 1   [ RunTime:0.0007s ]
NOTIC: [8] Undefined index: url D:\wamp\www\ThinkCMFX\application\Common\Controller\AppframeController.class.php 第 45 行.

[ 2015-10-12T20:18:32+08:00 ] ::1 /thinkcmfx/index.php/user/login/dologin
INFO: [ app_begin ] --START--
INFO: Run Behavior\ReadHtmlCacheBehavior [ RunTime:0.000831s ]
INFO: Run Behavior\CheckLangBehavior [ RunTime:0.001376s ]
INFO: [ app_begin ] --END-- [ RunTime:0.002834s ]
SQL: SHOW COLUMNS FROM `sp_users` [ RunTime:0.0124s ]
SQL: SELECT * FROM `sp_users` WHERE `user_login` = 'asdf' LIMIT 1   [ RunTime:0.0005s ]
SQL: UPDATE `sp_users` SET `last_login_time`='2015-10-12 20:18:32',`last_login_ip`='0.0.0.0' WHERE ( id=4 ) [ RunTime:0.0004s ]

[ 2015-10-12T20:18:33+08:00 ] ::1 /thinkcmfx/index.php/user/index/is_login
INFO: [ app_begin ] --START--
INFO: Run Behavior\ReadHtmlCacheBehavior [ RunTime:0.001159s ]
INFO: Run Behavior\CheckLangBehavior [ RunTime:0.001687s ]
INFO: [ app_begin ] --END-- [ RunTime:0.003586s ]
NOTIC: [8] Undefined index: orgid D:\wamp\www\ThinkCMFX\application\User\Controller\IndexController.class.php 第 29 行.
NOTIC: [8] Undefined index: url D:\wamp\www\ThinkCMFX\application\Common\Controller\AppframeController.class.php 第 45 行.

[ 2015-10-12T20:18:35+08:00 ] ::1 /thinkcmfx/index.php/user/index/is_login/orgid/3
INFO: [ app_begin ] --START--
INFO: Run Behavior\ReadHtmlCacheBehavior [ RunTime:0.000862s ]
INFO: Run Behavior\CheckLangBehavior [ RunTime:0.003185s ]
INFO: [ app_begin ] --END-- [ RunTime:0.004754s ]
SQL: SHOW COLUMNS FROM `sp_user_org` [ RunTime:0.0537s ]
SQL: SELECT * FROM `sp_user_org` WHERE `ORG_ID` = 3 AND `user_id` = '4' LIMIT 1   [ RunTime:0.0005s ]
NOTIC: [8] Undefined index: url D:\wamp\www\ThinkCMFX\application\Common\Controller\AppframeController.class.php 第 45 行.

[ 2015-10-12T20:18:47+08:00 ] ::1 /thinkcmfx/index.php/user/index/is_login/orgid/3
INFO: [ app_begin ] --START--
INFO: Run Behavior\ReadHtmlCacheBehavior [ RunTime:0.000838s ]
INFO: Run Behavior\CheckLangBehavior [ RunTime:0.001362s ]
INFO: [ app_begin ] --END-- [ RunTime:0.002856s ]
SQL: SHOW COLUMNS FROM `sp_user_org` [ RunTime:0.0327s ]
SQL: SELECT * FROM `sp_user_org` WHERE `ORG_ID` = 3 AND `user_id` = '4' LIMIT 1   [ RunTime:0.0006s ]
NOTIC: [8] Undefined index: url D:\wamp\www\ThinkCMFX\application\Common\Controller\AppframeController.class.php 第 45 行.

[ 2015-10-12T20:18:49+08:00 ] ::1 /thinkcmfx/index.php/user/index/is_login
INFO: [ app_begin ] --START--
INFO: Run Behavior\ReadHtmlCacheBehavior [ RunTime:0.001108s ]
INFO: Run Behavior\CheckLangBehavior [ RunTime:0.001772s ]
INFO: [ app_begin ] --END-- [ RunTime:0.003567s ]
NOTIC: [8] Undefined index: orgid D:\wamp\www\ThinkCMFX\application\User\Controller\IndexController.class.php 第 29 行.
NOTIC: [8] Undefined index: url D:\wamp\www\ThinkCMFX\application\Common\Controller\AppframeController.class.php 第 45 行.

[ 2015-10-12T20:19:08+08:00 ] ::1 /thinkcmfx/index.php/User/UserPost/add_post/stid/3
INFO: [ app_begin ] --START--
INFO: Run Behavior\ReadHtmlCacheBehavior [ RunTime:0.000892s ]
INFO: Run Behavior\CheckLangBehavior [ RunTime:0.001481s ]
INFO: [ app_begin ] --END-- [ RunTime:0.003069s ]
SQL: SHOW COLUMNS FROM `sp_tieba` [ RunTime:0.0292s ]
SQL: INSERT INTO `sp_tieba` (`post_title`,`post_content`,`ORG_ID`,`post_date`,`post_modified`,`post_author`,`post_excerpt`) VALUES ('第一发威海cosplay','<p>第一发威海cosplay<br/></p>','3','2015-10-12 20:19:08','2015-10-12 20:19:08','4','第一发威海cosplay...') [ RunTime:0.0005s ]

[ 2015-10-12T20:19:10+08:00 ] ::1 /thinkcmfx/index.php/user/index/is_login
INFO: [ app_begin ] --START--
INFO: Run Behavior\ReadHtmlCacheBehavior [ RunTime:0.000958s ]
INFO: Run Behavior\CheckLangBehavior [ RunTime:0.001690s ]
INFO: [ app_begin ] --END-- [ RunTime:0.003391s ]
NOTIC: [8] Undefined index: orgid D:\wamp\www\ThinkCMFX\application\User\Controller\IndexController.class.php 第 29 行.
NOTIC: [8] Undefined index: url D:\wamp\www\ThinkCMFX\application\Common\Controller\AppframeController.class.php 第 45 行.

[ 2015-10-12T20:19:12+08:00 ] ::1 /thinkcmfx/index.php/user/index/is_login/orgid/3
INFO: [ app_begin ] --START--
INFO: Run Behavior\ReadHtmlCacheBehavior [ RunTime:0.000893s ]
INFO: Run Behavior\CheckLangBehavior [ RunTime:0.002615s ]
INFO: [ app_begin ] --END-- [ RunTime:0.004514s ]
SQL: SHOW COLUMNS FROM `sp_user_org` [ RunTime:0.0245s ]
SQL: SELECT * FROM `sp_user_org` WHERE `ORG_ID` = 3 AND `user_id` = '4' LIMIT 1   [ RunTime:0.0006s ]
NOTIC: [8] Undefined index: url D:\wamp\www\ThinkCMFX\application\Common\Controller\AppframeController.class.php 第 45 行.

[ 2015-10-12T20:19:19+08:00 ] ::1 /thinkcmfx/index.php/user/index/is_login/orgid/3
INFO: [ app_begin ] --START--
INFO: Run Behavior\ReadHtmlCacheBehavior [ RunTime:0.000860s ]
INFO: Run Behavior\CheckLangBehavior [ RunTime:0.001494s ]
INFO: [ app_begin ] --END-- [ RunTime:0.003072s ]
SQL: SHOW COLUMNS FROM `sp_user_org` [ RunTime:0.0404s ]
SQL: SELECT * FROM `sp_user_org` WHERE `ORG_ID` = 3 AND `user_id` = '4' LIMIT 1   [ RunTime:0.0006s ]
NOTIC: [8] Undefined index: url D:\wamp\www\ThinkCMFX\application\Common\Controller\AppframeController.class.php 第 45 行.

[ 2015-10-12T20:19:58+08:00 ] ::1 /thinkcmfx/index.php/user/index/is_login/orgid/3
INFO: [ app_begin ] --START--
INFO: Run Behavior\ReadHtmlCacheBehavior [ RunTime:0.000930s ]
INFO: Run Behavior\CheckLangBehavior [ RunTime:0.001624s ]
INFO: [ app_begin ] --END-- [ RunTime:0.003355s ]
SQL: SHOW COLUMNS FROM `sp_user_org` [ RunTime:0.0397s ]
SQL: SELECT * FROM `sp_user_org` WHERE `ORG_ID` = 3 AND `user_id` = '4' LIMIT 1   [ RunTime:0.0005s ]
NOTIC: [8] Undefined index: url D:\wamp\www\ThinkCMFX\application\Common\Controller\AppframeController.class.php 第 45 行.

[ 2015-10-12T20:20:24+08:00 ] ::1 /thinkcmfx/index.php/user/login/dologin
INFO: [ app_begin ] --START--
INFO: Run Behavior\ReadHtmlCacheBehavior [ RunTime:0.000933s ]
INFO: Run Behavior\CheckLangBehavior [ RunTime:0.001676s ]
INFO: [ app_begin ] --END-- [ RunTime:0.003333s ]
SQL: SHOW COLUMNS FROM `sp_users` [ RunTime:0.0362s ]
SQL: SELECT * FROM `sp_users` WHERE `user_login` = 'yiqiao' LIMIT 1   [ RunTime:0.0005s ]
SQL: UPDATE `sp_users` SET `last_login_time`='2015-10-12 20:20:24',`last_login_ip`='0.0.0.0' WHERE ( id=2 ) [ RunTime:0.0004s ]

[ 2015-10-12T20:20:24+08:00 ] ::1 /thinkcmfx/index.php/user/index/is_login
INFO: [ app_begin ] --START--
INFO: Run Behavior\ReadHtmlCacheBehavior [ RunTime:0.000951s ]
INFO: Run Behavior\CheckLangBehavior [ RunTime:0.001805s ]
INFO: [ app_begin ] --END-- [ RunTime:0.003542s ]
NOTIC: [8] Undefined index: orgid D:\wamp\www\ThinkCMFX\application\User\Controller\IndexController.class.php 第 29 行.
NOTIC: [8] Undefined index: url D:\wamp\www\ThinkCMFX\application\Common\Controller\AppframeController.class.php 第 45 行.

[ 2015-10-12T20:20:27+08:00 ] ::1 /thinkcmfx/index.php/user/index/is_login/orgid/2
INFO: [ app_begin ] --START--
INFO: Run Behavior\ReadHtmlCacheBehavior [ RunTime:0.003606s ]
INFO: Run Behavior\CheckLangBehavior [ RunTime:0.001607s ]
INFO: [ app_begin ] --END-- [ RunTime:0.006902s ]
SQL: SHOW COLUMNS FROM `sp_user_org` [ RunTime:0.0677s ]
SQL: SELECT * FROM `sp_user_org` WHERE `ORG_ID` = 2 AND `user_id` = '2' LIMIT 1   [ RunTime:0.0006s ]
NOTIC: [8] Undefined index: url D:\wamp\www\ThinkCMFX\application\Common\Controller\AppframeController.class.php 第 45 行.

[ 2015-10-12T20:21:35+08:00 ] ::1 /thinkcmfx/index.php/user/login/dologin
INFO: [ app_begin ] --START--
INFO: Run Behavior\ReadHtmlCacheBehavior [ RunTime:0.000864s ]
INFO: Run Behavior\CheckLangBehavior [ RunTime:0.001437s ]
INFO: [ app_begin ] --END-- [ RunTime:0.002922s ]
SQL: SHOW COLUMNS FROM `sp_users` [ RunTime:0.0127s ]
SQL: SELECT * FROM `sp_users` WHERE `user_login` = '3aaa' LIMIT 1   [ RunTime:0.0005s ]
SQL: UPDATE `sp_users` SET `last_login_time`='2015-10-12 20:21:35',`last_login_ip`='0.0.0.0' WHERE ( id=28 ) [ RunTime:0.0004s ]

[ 2015-10-12T20:21:35+08:00 ] ::1 /thinkcmfx/index.php/user/index/is_login
INFO: [ app_begin ] --START--
INFO: Run Behavior\ReadHtmlCacheBehavior [ RunTime:0.001586s ]
INFO: Run Behavior\CheckLangBehavior [ RunTime:0.002091s ]
INFO: [ app_begin ] --END-- [ RunTime:0.004536s ]
NOTIC: [8] Undefined index: orgid D:\wamp\www\ThinkCMFX\application\User\Controller\IndexController.class.php 第 29 行.
NOTIC: [8] Undefined index: url D:\wamp\www\ThinkCMFX\application\Common\Controller\AppframeController.class.php 第 45 行.

[ 2015-10-12T20:21:38+08:00 ] ::1 /thinkcmfx/index.php/user/index/is_login/orgid/3
INFO: [ app_begin ] --START--
INFO: Run Behavior\ReadHtmlCacheBehavior [ RunTime:0.001139s ]
INFO: Run Behavior\CheckLangBehavior [ RunTime:0.001435s ]
INFO: [ app_begin ] --END-- [ RunTime:0.003218s ]
SQL: SHOW COLUMNS FROM `sp_user_org` [ RunTime:0.0412s ]
SQL: SELECT * FROM `sp_user_org` WHERE `ORG_ID` = 3 AND `user_id` = '28' LIMIT 1   [ RunTime:0.0007s ]
NOTIC: [8] Undefined index: url D:\wamp\www\ThinkCMFX\application\Common\Controller\AppframeController.class.php 第 45 行.

[ 2015-10-12T20:21:55+08:00 ] ::1 /thinkcmfx/index.php/user/index/is_login/orgid/3
INFO: [ app_begin ] --START--
INFO: Run Behavior\ReadHtmlCacheBehavior [ RunTime:0.000676s ]
INFO: Run Behavior\CheckLangBehavior [ RunTime:0.002261s ]
INFO: [ app_begin ] --END-- [ RunTime:0.003678s ]
SQL: SHOW COLUMNS FROM `sp_user_org` [ RunTime:0.0209s ]
SQL: SELECT * FROM `sp_user_org` WHERE `ORG_ID` = 3 AND `user_id` = '28' LIMIT 1   [ RunTime:0.0007s ]
NOTIC: [8] Undefined index: url D:\wamp\www\ThinkCMFX\application\Common\Controller\AppframeController.class.php 第 45 行.

[ 2015-10-12T20:24:19+08:00 ] ::1 /thinkcmfx/index.php/user/login/dologin
INFO: [ app_begin ] --START--
INFO: Run Behavior\ReadHtmlCacheBehavior [ RunTime:0.000664s ]
INFO: Run Behavior\CheckLangBehavior [ RunTime:0.001067s ]
INFO: [ app_begin ] --END-- [ RunTime:0.002462s ]
SQL: SHOW COLUMNS FROM `sp_users` [ RunTime:0.0160s ]
SQL: SELECT * FROM `sp_users` WHERE `user_login` = 'yiqiao' LIMIT 1   [ RunTime:0.0005s ]
SQL: UPDATE `sp_users` SET `last_login_time`='2015-10-12 20:24:19',`last_login_ip`='0.0.0.0' WHERE ( id=2 ) [ RunTime:0.0004s ]

[ 2015-10-12T20:24:19+08:00 ] ::1 /thinkcmfx/index.php/user/index/is_login
INFO: [ app_begin ] --START--
INFO: Run Behavior\ReadHtmlCacheBehavior [ RunTime:0.000932s ]
INFO: Run Behavior\CheckLangBehavior [ RunTime:0.002481s ]
INFO: [ app_begin ] --END-- [ RunTime:0.004327s ]
NOTIC: [8] Undefined index: orgid D:\wamp\www\ThinkCMFX\application\User\Controller\IndexController.class.php 第 29 行.
NOTIC: [8] Undefined index: url D:\wamp\www\ThinkCMFX\application\Common\Controller\AppframeController.class.php 第 45 行.

[ 2015-10-12T20:24:21+08:00 ] ::1 /thinkcmfx/index.php/user/index/is_login/orgid/2
INFO: [ app_begin ] --START--
INFO: Run Behavior\ReadHtmlCacheBehavior [ RunTime:0.000826s ]
INFO: Run Behavior\CheckLangBehavior [ RunTime:0.001261s ]
INFO: [ app_begin ] --END-- [ RunTime:0.002781s ]
SQL: SHOW COLUMNS FROM `sp_user_org` [ RunTime:0.0622s ]
SQL: SELECT * FROM `sp_user_org` WHERE `ORG_ID` = 2 AND `user_id` = '2' LIMIT 1   [ RunTime:0.0005s ]
NOTIC: [8] Undefined index: url D:\wamp\www\ThinkCMFX\application\Common\Controller\AppframeController.class.php 第 45 行.

[ 2015-10-12T20:27:33+08:00 ] ::1 /thinkcmfx/index.php/user/index/is_login/orgid/3
INFO: [ app_begin ] --START--
INFO: Run Behavior\ReadHtmlCacheBehavior [ RunTime:0.000939s ]
INFO: Run Behavior\CheckLangBehavior [ RunTime:0.001420s ]
INFO: [ app_begin ] --END-- [ RunTime:0.003185s ]
SQL: SHOW COLUMNS FROM `sp_user_org` [ RunTime:0.1650s ]
SQL: SELECT * FROM `sp_user_org` WHERE `ORG_ID` = 3 AND `user_id` = '2' LIMIT 1   [ RunTime:0.0005s ]
NOTIC: [8] Undefined index: url D:\wamp\www\ThinkCMFX\application\Common\Controller\AppframeController.class.php 第 45 行.

[ 2015-10-12T20:28:08+08:00 ] ::1 /thinkcmfx/index.php/user/index/is_login/orgid/3
INFO: [ app_begin ] --START--
INFO: Run Behavior\ReadHtmlCacheBehavior [ RunTime:0.001041s ]
INFO: Run Behavior\CheckLangBehavior [ RunTime:0.002319s ]
INFO: [ app_begin ] --END-- [ RunTime:0.004302s ]
SQL: SHOW COLUMNS FROM `sp_user_org` [ RunTime:0.0245s ]
SQL: SELECT * FROM `sp_user_org` WHERE `ORG_ID` = 3 AND `user_id` = '2' LIMIT 1   [ RunTime:0.0006s ]
NOTIC: [8] Undefined index: url D:\wamp\www\ThinkCMFX\application\Common\Controller\AppframeController.class.php 第 45 行.

[ 2015-10-12T20:30:06+08:00 ] ::1 /thinkcmfx/index.php/user/index/is_login/orgid/3
INFO: [ app_begin ] --START--
INFO: Run Behavior\ReadHtmlCacheBehavior [ RunTime:0.000976s ]
INFO: Run Behavior\CheckLangBehavior [ RunTime:0.001690s ]
INFO: [ app_begin ] --END-- [ RunTime:0.003430s ]
SQL: SHOW COLUMNS FROM `sp_user_org` [ RunTime:0.1162s ]
SQL: SELECT * FROM `sp_user_org` WHERE `ORG_ID` = 3 AND `user_id` = '2' LIMIT 1   [ RunTime:0.0006s ]
NOTIC: [8] Undefined index: url D:\wamp\www\ThinkCMFX\application\Common\Controller\AppframeController.class.php 第 45 行.

[ 2015-10-12T20:31:48+08:00 ] ::1 /thinkcmfx/index.php/user/index/is_login/orgid/2
INFO: [ app_begin ] --START--
INFO: Run Behavior\ReadHtmlCacheBehavior [ RunTime:0.000759s ]
INFO: Run Behavior\CheckLangBehavior [ RunTime:0.001167s ]
INFO: [ app_begin ] --END-- [ RunTime:0.002918s ]
SQL: SHOW COLUMNS FROM `sp_user_org` [ RunTime:0.0334s ]
SQL: SELECT * FROM `sp_user_org` WHERE `ORG_ID` = 2 AND `user_id` = '2' LIMIT 1   [ RunTime:0.0006s ]
NOTIC: [8] Undefined index: url D:\wamp\www\ThinkCMFX\application\Common\Controller\AppframeController.class.php 第 45 行.

[ 2015-10-12T20:39:39+08:00 ] ::1 /thinkcmfx/index.php/user/index/is_login/orgid/6
INFO: [ app_begin ] --START--
INFO: Run Behavior\ReadHtmlCacheBehavior [ RunTime:0.001251s ]
INFO: Run Behavior\CheckLangBehavior [ RunTime:0.002300s ]
INFO: [ app_begin ] --END-- [ RunTime:0.005130s ]
SQL: SHOW COLUMNS FROM `sp_user_org` [ RunTime:0.0604s ]
SQL: SELECT * FROM `sp_user_org` WHERE `ORG_ID` = 6 AND `user_id` = '2' LIMIT 1   [ RunTime:0.0006s ]
NOTIC: [8] Undefined index: url D:\wamp\www\ThinkCMFX\application\Common\Controller\AppframeController.class.php 第 45 行.

[ 2015-10-12T20:41:06+08:00 ] ::1 /thinkcmfx/index.php/user/index/is_login/orgid/3
INFO: [ app_begin ] --START--
INFO: Run Behavior\ReadHtmlCacheBehavior [ RunTime:0.000929s ]
INFO: Run Behavior\CheckLangBehavior [ RunTime:0.002239s ]
INFO: [ app_begin ] --END-- [ RunTime:0.003910s ]
SQL: SHOW COLUMNS FROM `sp_user_org` [ RunTime:0.0299s ]
SQL: SELECT * FROM `sp_user_org` WHERE `ORG_ID` = 3 AND `user_id` = '2' LIMIT 1   [ RunTime:0.0017s ]
NOTIC: [8] Undefined index: url D:\wamp\www\ThinkCMFX\application\Common\Controller\AppframeController.class.php 第 45 行.

[ 2015-10-12T20:43:59+08:00 ] ::1 /thinkcmfx/index.php/user/index/is_login/orgid/3
INFO: [ app_begin ] --START--
INFO: Run Behavior\ReadHtmlCacheBehavior [ RunTime:0.001166s ]
INFO: Run Behavior\CheckLangBehavior [ RunTime:0.001524s ]
INFO: [ app_begin ] --END-- [ RunTime:0.003472s ]
SQL: SHOW COLUMNS FROM `sp_user_org` [ RunTime:0.0849s ]
SQL: SELECT * FROM `sp_user_org` WHERE `ORG_ID` = 3 AND `user_id` = '2' LIMIT 1   [ RunTime:0.0008s ]
NOTIC: [8] Undefined index: url D:\wamp\www\ThinkCMFX\application\Common\Controller\AppframeController.class.php 第 45 行.

[ 2015-10-12T20:51:08+08:00 ] ::1 /thinkcmfx/index.php/user/index/is_login/orgid/3
INFO: [ app_begin ] --START--
INFO: Run Behavior\ReadHtmlCacheBehavior [ RunTime:0.001213s ]
INFO: Run Behavior\CheckLangBehavior [ RunTime:0.002274s ]
INFO: [ app_begin ] --END-- [ RunTime:0.004766s ]
SQL: SHOW COLUMNS FROM `sp_user_org` [ RunTime:0.0330s ]
SQL: SELECT * FROM `sp_user_org` WHERE `ORG_ID` = 3 AND `user_id` = '2' LIMIT 1   [ RunTime:0.0006s ]
NOTIC: [8] Undefined index: url D:\wamp\www\ThinkCMFX\application\Common\Controller\AppframeController.class.php 第 45 行.

[ 2015-10-12T20:53:57+08:00 ] ::1 /thinkcmfx/index.php/user/index/is_login/orgid/3
INFO: [ app_begin ] --START--
INFO: Run Behavior\ReadHtmlCacheBehavior [ RunTime:0.000713s ]
INFO: Run Behavior\CheckLangBehavior [ RunTime:0.001195s ]
INFO: [ app_begin ] --END-- [ RunTime:0.002683s ]
SQL: SHOW COLUMNS FROM `sp_user_org` [ RunTime:0.0464s ]
SQL: SELECT * FROM `sp_user_org` WHERE `ORG_ID` = 3 AND `user_id` = '2' LIMIT 1   [ RunTime:0.0006s ]
NOTIC: [8] Undefined index: url D:\wamp\www\ThinkCMFX\application\Common\Controller\AppframeController.class.php 第 45 行.

[ 2015-10-12T20:54:57+08:00 ] ::1 /thinkcmfx/index.php/user/index/is_login/orgid/3
INFO: [ app_begin ] --START--
INFO: Run Behavior\ReadHtmlCacheBehavior [ RunTime:0.001086s ]
INFO: Run Behavior\CheckLangBehavior [ RunTime:0.001668s ]
INFO: [ app_begin ] --END-- [ RunTime:0.003707s ]
SQL: SHOW COLUMNS FROM `sp_user_org` [ RunTime:0.1241s ]
SQL: SELECT * FROM `sp_user_org` WHERE `ORG_ID` = 3 AND `user_id` = '2' LIMIT 1   [ RunTime:0.0006s ]
NOTIC: [8] Undefined index: url D:\wamp\www\ThinkCMFX\application\Common\Controller\AppframeController.class.php 第 45 行.

[ 2015-10-12T20:55:08+08:00 ] ::1 /thinkcmfx/index.php/user/index/is_login/orgid/2
INFO: [ app_begin ] --START--
INFO: Run Behavior\ReadHtmlCacheBehavior [ RunTime:0.001576s ]
INFO: Run Behavior\CheckLangBehavior [ RunTime:0.002175s ]
INFO: [ app_begin ] --END-- [ RunTime:0.004487s ]
SQL: SHOW COLUMNS FROM `sp_user_org` [ RunTime:0.0613s ]
SQL: SELECT * FROM `sp_user_org` WHERE `ORG_ID` = 2 AND `user_id` = '2' LIMIT 1   [ RunTime:0.0006s ]
NOTIC: [8] Undefined index: url D:\wamp\www\ThinkCMFX\application\Common\Controller\AppframeController.class.php 第 45 行.

[ 2015-10-12T20:57:43+08:00 ] ::1 /thinkcmfx/index.php/user/index/is_login/orgid/3
INFO: [ app_begin ] --START--
INFO: Run Behavior\ReadHtmlCacheBehavior [ RunTime:0.000989s ]
INFO: Run Behavior\CheckLangBehavior [ RunTime:0.001586s ]
INFO: [ app_begin ] --END-- [ RunTime:0.003290s ]
SQL: SHOW COLUMNS FROM `sp_user_org` [ RunTime:0.0319s ]
SQL: SELECT * FROM `sp_user_org` WHERE `ORG_ID` = 3 AND `user_id` = '2' LIMIT 1   [ RunTime:0.0005s ]
NOTIC: [8] Undefined index: url D:\wamp\www\ThinkCMFX\application\Common\Controller\AppframeController.class.php 第 45 行.

[ 2015-10-12T20:58:14+08:00 ] ::1 /thinkcmfx/index.php/user/index/is_login/orgid/3
INFO: [ app_begin ] --START--
INFO: Run Behavior\ReadHtmlCacheBehavior [ RunTime:0.001102s ]
INFO: Run Behavior\CheckLangBehavior [ RunTime:0.001595s ]
INFO: [ app_begin ] --END-- [ RunTime:0.003518s ]
SQL: SHOW COLUMNS FROM `sp_user_org` [ RunTime:0.0503s ]
SQL: SELECT * FROM `sp_user_org` WHERE `ORG_ID` = 3 AND `user_id` = '2' LIMIT 1   [ RunTime:0.0005s ]
NOTIC: [8] Undefined index: url D:\wamp\www\ThinkCMFX\application\Common\Controller\AppframeController.class.php 第 45 行.

[ 2015-10-12T20:58:43+08:00 ] ::1 /thinkcmfx/index.php/user/index/is_login/orgid/3
INFO: [ app_begin ] --START--
INFO: Run Behavior\ReadHtmlCacheBehavior [ RunTime:0.000939s ]
INFO: Run Behavior\CheckLangBehavior [ RunTime:0.001519s ]
INFO: [ app_begin ] --END-- [ RunTime:0.003259s ]
SQL: SHOW COLUMNS FROM `sp_user_org` [ RunTime:0.0833s ]
SQL: SELECT * FROM `sp_user_org` WHERE `ORG_ID` = 3 AND `user_id` = '2' LIMIT 1   [ RunTime:0.0005s ]
NOTIC: [8] Undefined index: url D:\wamp\www\ThinkCMFX\application\Common\Controller\AppframeController.class.php 第 45 行.

[ 2015-10-12T21:00:47+08:00 ] ::1 /thinkcmfx/index.php/user/index/is_login/orgid/3
INFO: [ app_begin ] --START--
INFO: Run Behavior\ReadHtmlCacheBehavior [ RunTime:0.001155s ]
INFO: Run Behavior\CheckLangBehavior [ RunTime:0.002063s ]
INFO: [ app_begin ] --END-- [ RunTime:0.004523s ]
SQL: SHOW COLUMNS FROM `sp_user_org` [ RunTime:0.0195s ]
SQL: SELECT * FROM `sp_user_org` WHERE `ORG_ID` = 3 AND `user_id` = '2' LIMIT 1   [ RunTime:0.0005s ]
NOTIC: [8] Undefined index: url D:\wamp\www\ThinkCMFX\application\Common\Controller\AppframeController.class.php 第 45 行.

[ 2015-10-12T21:01:41+08:00 ] ::1 /thinkcmfx/index.php/user/index/is_login/orgid/3
INFO: [ app_begin ] --START--
INFO: Run Behavior\ReadHtmlCacheBehavior [ RunTime:0.000865s ]
INFO: Run Behavior\CheckLangBehavior [ RunTime:0.001505s ]
INFO: [ app_begin ] --END-- [ RunTime:0.003063s ]
SQL: SHOW COLUMNS FROM `sp_user_org` [ RunTime:0.0469s ]
SQL: SELECT * FROM `sp_user_org` WHERE `ORG_ID` = 3 AND `user_id` = '2' LIMIT 1   [ RunTime:0.0005s ]
NOTIC: [8] Undefined index: url D:\wamp\www\ThinkCMFX\application\Common\Controller\AppframeController.class.php 第 45 行.

[ 2015-10-12T21:01:58+08:00 ] ::1 /thinkcmfx/index.php/user/index/is_login/orgid/3
INFO: [ app_begin ] --START--
INFO: Run Behavior\ReadHtmlCacheBehavior [ RunTime:0.001086s ]
INFO: Run Behavior\CheckLangBehavior [ RunTime:0.001671s ]
INFO: [ app_begin ] --END-- [ RunTime:0.003656s ]
SQL: SHOW COLUMNS FROM `sp_user_org` [ RunTime:0.1664s ]
SQL: SELECT * FROM `sp_user_org` WHERE `ORG_ID` = 3 AND `user_id` = '2' LIMIT 1   [ RunTime:0.0005s ]
NOTIC: [8] Undefined index: url D:\wamp\www\ThinkCMFX\application\Common\Controller\AppframeController.class.php 第 45 行.

[ 2015-10-12T21:02:30+08:00 ] ::1 /thinkcmfx/index.php/user/index/is_login/orgid/3
INFO: [ app_begin ] --START--
INFO: Run Behavior\ReadHtmlCacheBehavior [ RunTime:0.001070s ]
INFO: Run Behavior\CheckLangBehavior [ RunTime:0.001626s ]
INFO: [ app_begin ] --END-- [ RunTime:0.003457s ]
SQL: SHOW COLUMNS FROM `sp_user_org` [ RunTime:0.0377s ]
SQL: SELECT * FROM `sp_user_org` WHERE `ORG_ID` = 3 AND `user_id` = '2' LIMIT 1   [ RunTime:0.0013s ]
NOTIC: [8] Undefined index: url D:\wamp\www\ThinkCMFX\application\Common\Controller\AppframeController.class.php 第 45 行.

[ 2015-10-12T21:03:37+08:00 ] ::1 /thinkcmfx/index.php/user/index/is_login/orgid/3
INFO: [ app_begin ] --START--
INFO: Run Behavior\ReadHtmlCacheBehavior [ RunTime:0.001188s ]
INFO: Run Behavior\CheckLangBehavior [ RunTime:0.001823s ]
INFO: [ app_begin ] --END-- [ RunTime:0.004036s ]
SQL: SHOW COLUMNS FROM `sp_user_org` [ RunTime:0.0648s ]
SQL: SELECT * FROM `sp_user_org` WHERE `ORG_ID` = 3 AND `user_id` = '2' LIMIT 1   [ RunTime:0.0005s ]
NOTIC: [8] Undefined index: url D:\wamp\www\ThinkCMFX\application\Common\Controller\AppframeController.class.php 第 45 行.

[ 2015-10-12T21:03:49+08:00 ] ::1 /thinkcmfx/index.php/user/index/is_login/orgid/3
INFO: [ app_begin ] --START--
INFO: Run Behavior\ReadHtmlCacheBehavior [ RunTime:0.001043s ]
INFO: Run Behavior\CheckLangBehavior [ RunTime:0.002328s ]
INFO: [ app_begin ] --END-- [ RunTime:0.004248s ]
SQL: SHOW COLUMNS FROM `sp_user_org` [ RunTime:0.0680s ]
SQL: SELECT * FROM `sp_user_org` WHERE `ORG_ID` = 3 AND `user_id` = '2' LIMIT 1   [ RunTime:0.0004s ]
NOTIC: [8] Undefined index: url D:\wamp\www\ThinkCMFX\application\Common\Controller\AppframeController.class.php 第 45 行.

[ 2015-10-12T21:04:36+08:00 ] ::1 /thinkcmfx/index.php/user/index/is_login/orgid/3
INFO: [ app_begin ] --START--
INFO: Run Behavior\ReadHtmlCacheBehavior [ RunTime:0.001096s ]
INFO: Run Behavior\CheckLangBehavior [ RunTime:0.001774s ]
INFO: [ app_begin ] --END-- [ RunTime:0.004209s ]
SQL: SHOW COLUMNS FROM `sp_user_org` [ RunTime:0.0665s ]
SQL: SELECT * FROM `sp_user_org` WHERE `ORG_ID` = 3 AND `user_id` = '2' LIMIT 1   [ RunTime:0.0005s ]
NOTIC: [8] Undefined index: url D:\wamp\www\ThinkCMFX\application\Common\Controller\AppframeController.class.php 第 45 行.

[ 2015-10-12T21:05:05+08:00 ] ::1 /thinkcmfx/index.php/user/index/is_login/orgid/3
INFO: [ app_begin ] --START--
INFO: Run Behavior\ReadHtmlCacheBehavior [ RunTime:0.000942s ]
INFO: Run Behavior\CheckLangBehavior [ RunTime:0.001481s ]
INFO: [ app_begin ] --END-- [ RunTime:0.003156s ]
SQL: SHOW COLUMNS FROM `sp_user_org` [ RunTime:0.1798s ]
SQL: SELECT * FROM `sp_user_org` WHERE `ORG_ID` = 3 AND `user_id` = '2' LIMIT 1   [ RunTime:0.0004s ]
NOTIC: [8] Undefined index: url D:\wamp\www\ThinkCMFX\application\Common\Controller\AppframeController.class.php 第 45 行.

[ 2015-10-12T21:05:27+08:00 ] ::1 /thinkcmfx/index.php/user/index/is_login/orgid/3
INFO: [ app_begin ] --START--
INFO: Run Behavior\ReadHtmlCacheBehavior [ RunTime:0.000889s ]
INFO: Run Behavior\CheckLangBehavior [ RunTime:0.001899s ]
INFO: [ app_begin ] --END-- [ RunTime:0.003575s ]
SQL: SHOW COLUMNS FROM `sp_user_org` [ RunTime:0.0359s ]
SQL: SELECT * FROM `sp_user_org` WHERE `ORG_ID` = 3 AND `user_id` = '2' LIMIT 1   [ RunTime:0.0006s ]
NOTIC: [8] Undefined index: url D:\wamp\www\ThinkCMFX\application\Common\Controller\AppframeController.class.php 第 45 行.

[ 2015-10-12T21:05:39+08:00 ] ::1 /thinkcmfx/index.php/user/index/is_login/orgid/3
INFO: [ app_begin ] --START--
INFO: Run Behavior\ReadHtmlCacheBehavior [ RunTime:0.001000s ]
INFO: Run Behavior\CheckLangBehavior [ RunTime:0.001858s ]
INFO: [ app_begin ] --END-- [ RunTime:0.003672s ]
SQL: SHOW COLUMNS FROM `sp_user_org` [ RunTime:0.0630s ]
SQL: SELECT * FROM `sp_user_org` WHERE `ORG_ID` = 3 AND `user_id` = '2' LIMIT 1   [ RunTime:0.0012s ]
NOTIC: [8] Undefined index: url D:\wamp\www\ThinkCMFX\application\Common\Controller\AppframeController.class.php 第 45 行.

[ 2015-10-12T21:05:54+08:00 ] ::1 /thinkcmfx/index.php/user/index/is_login/orgid/3
INFO: [ app_begin ] --START--
INFO: Run Behavior\ReadHtmlCacheBehavior [ RunTime:0.000930s ]
INFO: Run Behavior\CheckLangBehavior [ RunTime:0.002314s ]
INFO: [ app_begin ] --END-- [ RunTime:0.003996s ]
SQL: SHOW COLUMNS FROM `sp_user_org` [ RunTime:0.0500s ]
SQL: SELECT * FROM `sp_user_org` WHERE `ORG_ID` = 3 AND `user_id` = '2' LIMIT 1   [ RunTime:0.0006s ]
NOTIC: [8] Undefined index: url D:\wamp\www\ThinkCMFX\application\Common\Controller\AppframeController.class.php 第 45 行.

[ 2015-10-12T21:06:25+08:00 ] ::1 /thinkcmfx/index.php/user/index/is_login/orgid/3
INFO: [ app_begin ] --START--
INFO: Run Behavior\ReadHtmlCacheBehavior [ RunTime:0.001093s ]
INFO: Run Behavior\CheckLangBehavior [ RunTime:0.004525s ]
INFO: [ app_begin ] --END-- [ RunTime:0.006460s ]
SQL: SHOW COLUMNS FROM `sp_user_org` [ RunTime:0.0818s ]
SQL: SELECT * FROM `sp_user_org` WHERE `ORG_ID` = 3 AND `user_id` = '2' LIMIT 1   [ RunTime:0.0009s ]
NOTIC: [8] Undefined index: url D:\wamp\www\ThinkCMFX\application\Common\Controller\AppframeController.class.php 第 45 行.

[ 2015-10-12T21:06:46+08:00 ] ::1 /thinkcmfx/index.php/user/index/is_login/orgid/3
INFO: [ app_begin ] --START--
INFO: Run Behavior\ReadHtmlCacheBehavior [ RunTime:0.000743s ]
INFO: Run Behavior\CheckLangBehavior [ RunTime:0.001257s ]
INFO: [ app_begin ] --END-- [ RunTime:0.002776s ]
SQL: SHOW COLUMNS FROM `sp_user_org` [ RunTime:0.0505s ]
SQL: SELECT * FROM `sp_user_org` WHERE `ORG_ID` = 3 AND `user_id` = '2' LIMIT 1   [ RunTime:0.0005s ]
NOTIC: [8] Undefined index: url D:\wamp\www\ThinkCMFX\application\Common\Controller\AppframeController.class.php 第 45 行.

[ 2015-10-12T21:06:55+08:00 ] ::1 /thinkcmfx/index.php/user/index/is_login/orgid/3
INFO: [ app_begin ] --START--
INFO: Run Behavior\ReadHtmlCacheBehavior [ RunTime:0.000818s ]
INFO: Run Behavior\CheckLangBehavior [ RunTime:0.001595s ]
INFO: [ app_begin ] --END-- [ RunTime:0.003695s ]
SQL: SHOW COLUMNS FROM `sp_user_org` [ RunTime:0.1322s ]
SQL: SELECT * FROM `sp_user_org` WHERE `ORG_ID` = 3 AND `user_id` = '2' LIMIT 1   [ RunTime:0.0006s ]
NOTIC: [8] Undefined index: url D:\wamp\www\ThinkCMFX\application\Common\Controller\AppframeController.class.php 第 45 行.

[ 2015-10-12T21:07:12+08:00 ] ::1 /thinkcmfx/index.php/user/index/is_login/orgid/3
INFO: [ app_begin ] --START--
INFO: Run Behavior\ReadHtmlCacheBehavior [ RunTime:0.000920s ]
INFO: Run Behavior\CheckLangBehavior [ RunTime:0.001646s ]
INFO: [ app_begin ] --END-- [ RunTime:0.003282s ]
SQL: SHOW COLUMNS FROM `sp_user_org` [ RunTime:0.0537s ]
SQL: SELECT * FROM `sp_user_org` WHERE `ORG_ID` = 3 AND `user_id` = '2' LIMIT 1   [ RunTime:0.0006s ]
NOTIC: [8] Undefined index: url D:\wamp\www\ThinkCMFX\application\Common\Controller\AppframeController.class.php 第 45 行.

[ 2015-10-12T21:27:50+08:00 ] ::1 /thinkcmfx/index.php/user/index/is_login/orgid/3
INFO: [ app_begin ] --START--
INFO: Run Behavior\ReadHtmlCacheBehavior [ RunTime:0.001022s ]
INFO: Run Behavior\CheckLangBehavior [ RunTime:0.002337s ]
INFO: [ app_begin ] --END-- [ RunTime:0.004173s ]
SQL: SHOW COLUMNS FROM `sp_user_org` [ RunTime:0.0266s ]
SQL: SELECT * FROM `sp_user_org` WHERE `ORG_ID` = 3 AND `user_id` = '2' LIMIT 1   [ RunTime:0.0005s ]
NOTIC: [8] Undefined index: url D:\wamp\www\ThinkCMFX\application\Common\Controller\AppframeController.class.php 第 45 行.

[ 2015-10-12T21:29:27+08:00 ] ::1 /thinkcmfx/index.php/user/index/is_login/orgid/3
INFO: [ app_begin ] --START--
INFO: Run Behavior\ReadHtmlCacheBehavior [ RunTime:0.001307s ]
INFO: Run Behavior\CheckLangBehavior [ RunTime:0.001862s ]
INFO: [ app_begin ] --END-- [ RunTime:0.004001s ]
SQL: SHOW COLUMNS FROM `sp_user_org` [ RunTime:0.0462s ]
SQL: SELECT * FROM `sp_user_org` WHERE `ORG_ID` = 3 AND `user_id` = '2' LIMIT 1   [ RunTime:0.0005s ]
NOTIC: [8] Undefined index: url D:\wamp\www\ThinkCMFX\application\Common\Controller\AppframeController.class.php 第 45 行.

[ 2015-10-12T21:29:47+08:00 ] ::1 /thinkcmfx/index.php/user/index/is_login/orgid/3
INFO: [ app_begin ] --START--
INFO: Run Behavior\ReadHtmlCacheBehavior [ RunTime:0.000983s ]
INFO: Run Behavior\CheckLangBehavior [ RunTime:0.001991s ]
INFO: [ app_begin ] --END-- [ RunTime:0.003756s ]
SQL: SHOW COLUMNS FROM `sp_user_org` [ RunTime:0.0732s ]
SQL: SELECT * FROM `sp_user_org` WHERE `ORG_ID` = 3 AND `user_id` = '2' LIMIT 1   [ RunTime:0.0005s ]
NOTIC: [8] Undefined index: url D:\wamp\www\ThinkCMFX\application\Common\Controller\AppframeController.class.php 第 45 行.

[ 2015-10-12T21:30:02+08:00 ] ::1 /thinkcmfx/index.php/user/index/is_login/orgid/3
INFO: [ app_begin ] --START--
INFO: Run Behavior\ReadHtmlCacheBehavior [ RunTime:0.000745s ]
INFO: Run Behavior\CheckLangBehavior [ RunTime:0.001435s ]
INFO: [ app_begin ] --END-- [ RunTime:0.003002s ]
SQL: SHOW COLUMNS FROM `sp_user_org` [ RunTime:0.0862s ]
SQL: SELECT * FROM `sp_user_org` WHERE `ORG_ID` = 3 AND `user_id` = '2' LIMIT 1   [ RunTime:0.0004s ]
NOTIC: [8] Undefined index: url D:\wamp\www\ThinkCMFX\application\Common\Controller\AppframeController.class.php 第 45 行.

[ 2015-10-12T21:30:21+08:00 ] ::1 /thinkcmfx/index.php/user/index/is_login/orgid/3
INFO: [ app_begin ] --START--
INFO: Run Behavior\ReadHtmlCacheBehavior [ RunTime:0.000920s ]
INFO: Run Behavior\CheckLangBehavior [ RunTime:0.001607s ]
INFO: [ app_begin ] --END-- [ RunTime:0.003314s ]
SQL: SHOW COLUMNS FROM `sp_user_org` [ RunTime:0.1996s ]
SQL: SELECT * FROM `sp_user_org` WHERE `ORG_ID` = 3 AND `user_id` = '2' LIMIT 1   [ RunTime:0.0005s ]
NOTIC: [8] Undefined index: url D:\wamp\www\ThinkCMFX\application\Common\Controller\AppframeController.class.php 第 45 行.

[ 2015-10-12T21:30:34+08:00 ] ::1 /thinkcmfx/index.php/user/index/is_login/orgid/3
INFO: [ app_begin ] --START--
INFO: Run Behavior\ReadHtmlCacheBehavior [ RunTime:0.001068s ]
INFO: Run Behavior\CheckLangBehavior [ RunTime:0.001666s ]
INFO: [ app_begin ] --END-- [ RunTime:0.003478s ]
SQL: SHOW COLUMNS FROM `sp_user_org` [ RunTime:0.0472s ]
SQL: SELECT * FROM `sp_user_org` WHERE `ORG_ID` = 3 AND `user_id` = '2' LIMIT 1   [ RunTime:0.0005s ]
NOTIC: [8] Undefined index: url D:\wamp\www\ThinkCMFX\application\Common\Controller\AppframeController.class.php 第 45 行.

[ 2015-10-12T21:31:05+08:00 ] ::1 /thinkcmfx/index.php/user/index/is_login/orgid/3
INFO: [ app_begin ] --START--
INFO: Run Behavior\ReadHtmlCacheBehavior [ RunTime:0.000976s ]
INFO: Run Behavior\CheckLangBehavior [ RunTime:0.001466s ]
INFO: [ app_begin ] --END-- [ RunTime:0.003790s ]
SQL: SHOW COLUMNS FROM `sp_user_org` [ RunTime:0.0320s ]
SQL: SELECT * FROM `sp_user_org` WHERE `ORG_ID` = 3 AND `user_id` = '2' LIMIT 1   [ RunTime:0.0005s ]
NOTIC: [8] Undefined index: url D:\wamp\www\ThinkCMFX\application\Common\Controller\AppframeController.class.php 第 45 行.

[ 2015-10-12T21:31:17+08:00 ] ::1 /thinkcmfx/index.php/user/index/is_login/orgid/3
INFO: [ app_begin ] --START--
INFO: Run Behavior\ReadHtmlCacheBehavior [ RunTime:0.001033s ]
INFO: Run Behavior\CheckLangBehavior [ RunTime:0.001699s ]
INFO: [ app_begin ] --END-- [ RunTime:0.003582s ]
SQL: SHOW COLUMNS FROM `sp_user_org` [ RunTime:0.0919s ]
SQL: SELECT * FROM `sp_user_org` WHERE `ORG_ID` = 3 AND `user_id` = '2' LIMIT 1   [ RunTime:0.0005s ]
NOTIC: [8] Undefined index: url D:\wamp\www\ThinkCMFX\application\Common\Controller\AppframeController.class.php 第 45 行.

[ 2015-10-12T21:32:10+08:00 ] ::1 /thinkcmfx/index.php/user/index/is_login/orgid/3
INFO: [ app_begin ] --START--
INFO: Run Behavior\ReadHtmlCacheBehavior [ RunTime:0.000827s ]
INFO: Run Behavior\CheckLangBehavior [ RunTime:0.001459s ]
INFO: [ app_begin ] --END-- [ RunTime:0.003214s ]
SQL: SHOW COLUMNS FROM `sp_user_org` [ RunTime:0.0585s ]
SQL: SELECT * FROM `sp_user_org` WHERE `ORG_ID` = 3 AND `user_id` = '2' LIMIT 1   [ RunTime:0.0005s ]
NOTIC: [8] Undefined index: url D:\wamp\www\ThinkCMFX\application\Common\Controller\AppframeController.class.php 第 45 行.

[ 2015-10-12T21:32:24+08:00 ] ::1 /thinkcmfx/index.php/user/index/is_login/orgid/3
INFO: [ app_begin ] --START--
INFO: Run Behavior\ReadHtmlCacheBehavior [ RunTime:0.001157s ]
INFO: Run Behavior\CheckLangBehavior [ RunTime:0.001546s ]
INFO: [ app_begin ] --END-- [ RunTime:0.003524s ]
SQL: SHOW COLUMNS FROM `sp_user_org` [ RunTime:0.1068s ]
SQL: SELECT * FROM `sp_user_org` WHERE `ORG_ID` = 3 AND `user_id` = '2' LIMIT 1   [ RunTime:0.0005s ]
NOTIC: [8] Undefined index: url D:\wamp\www\ThinkCMFX\application\Common\Controller\AppframeController.class.php 第 45 行.

[ 2015-10-12T21:33:22+08:00 ] ::1 /thinkcmfx/index.php/user/index/is_login/orgid/3
INFO: [ app_begin ] --START--
INFO: Run Behavior\ReadHtmlCacheBehavior [ RunTime:0.001319s ]
INFO: Run Behavior\CheckLangBehavior [ RunTime:0.002210s ]
INFO: [ app_begin ] --END-- [ RunTime:0.004518s ]
SQL: SHOW COLUMNS FROM `sp_user_org` [ RunTime:0.0414s ]
SQL: SELECT * FROM `sp_user_org` WHERE `ORG_ID` = 3 AND `user_id` = '2' LIMIT 1   [ RunTime:0.0007s ]
NOTIC: [8] Undefined index: url D:\wamp\www\ThinkCMFX\application\Common\Controller\AppframeController.class.php 第 45 行.

[ 2015-10-12T21:35:15+08:00 ] ::1 /thinkcmfx/index.php/user/index/is_login
INFO: [ app_begin ] --START--
INFO: Run Behavior\ReadHtmlCacheBehavior [ RunTime:0.000822s ]
INFO: Run Behavior\CheckLangBehavior [ RunTime:0.002455s ]
INFO: [ app_begin ] --END-- [ RunTime:0.003990s ]
NOTIC: [8] Undefined index: orgid D:\wamp\www\ThinkCMFX\application\User\Controller\IndexController.class.php 第 29 行.
NOTIC: [8] Undefined index: url D:\wamp\www\ThinkCMFX\application\Common\Controller\AppframeController.class.php 第 45 行.

[ 2015-10-12T21:45:41+08:00 ] ::1 /thinkcmfx/index.php/user/login/dologin
INFO: [ app_begin ] --START--
INFO: Run Behavior\ReadHtmlCacheBehavior [ RunTime:0.000900s ]
INFO: Run Behavior\CheckLangBehavior [ RunTime:0.001631s ]
INFO: [ app_begin ] --END-- [ RunTime:0.003194s ]
SQL: SHOW COLUMNS FROM `sp_users` [ RunTime:0.0131s ]
SQL: SELECT * FROM `sp_users` WHERE `user_login` = '3aaa' LIMIT 1   [ RunTime:0.0008s ]
SQL: UPDATE `sp_users` SET `last_login_time`='2015-10-12 21:45:41',`last_login_ip`='0.0.0.0' WHERE ( id=28 ) [ RunTime:0.0005s ]

[ 2015-10-12T21:45:42+08:00 ] ::1 /thinkcmfx/index.php/user/index/is_login
INFO: [ app_begin ] --START--
INFO: Run Behavior\ReadHtmlCacheBehavior [ RunTime:0.001019s ]
INFO: Run Behavior\CheckLangBehavior [ RunTime:0.001938s ]
INFO: [ app_begin ] --END-- [ RunTime:0.003783s ]
NOTIC: [8] Undefined index: orgid D:\wamp\www\ThinkCMFX\application\User\Controller\IndexController.class.php 第 29 行.
NOTIC: [8] Undefined index: url D:\wamp\www\ThinkCMFX\application\Common\Controller\AppframeController.class.php 第 45 行.

[ 2015-10-12T21:45:55+08:00 ] ::1 /thinkcmfx/index.php/user/index/is_login
INFO: [ app_begin ] --START--
INFO: Run Behavior\ReadHtmlCacheBehavior [ RunTime:0.001601s ]
INFO: Run Behavior\CheckLangBehavior [ RunTime:0.001648s ]
INFO: [ app_begin ] --END-- [ RunTime:0.004618s ]
NOTIC: [8] Undefined index: orgid D:\wamp\www\ThinkCMFX\application\User\Controller\IndexController.class.php 第 29 行.
NOTIC: [8] Undefined index: url D:\wamp\www\ThinkCMFX\application\Common\Controller\AppframeController.class.php 第 45 行.

[ 2015-10-12T21:45:56+08:00 ] ::1 /thinkcmfx/index.php/user/register/doregister
INFO: [ app_begin ] --START--
INFO: Run Behavior\ReadHtmlCacheBehavior [ RunTime:0.000833s ]
INFO: Run Behavior\CheckLangBehavior [ RunTime:0.001480s ]
INFO: [ app_begin ] --END-- [ RunTime:0.002965s ]
SQL: SHOW COLUMNS FROM `sp_users` [ RunTime:0.0128s ]
NOTIC: [8] Undefined index: terms D:\wamp\www\ThinkCMFX\simplewind\Core\Library\Think\Model.class.php 第 1294 行.

[ 2015-10-12T21:46:00+08:00 ] ::1 /thinkcmfx/index.php/user/index/is_login
INFO: [ app_begin ] --START--
INFO: Run Behavior\ReadHtmlCacheBehavior [ RunTime:0.000983s ]
INFO: Run Behavior\CheckLangBehavior [ RunTime:0.001480s ]
INFO: [ app_begin ] --END-- [ RunTime:0.003236s ]
NOTIC: [8] Undefined index: orgid D:\wamp\www\ThinkCMFX\application\User\Controller\IndexController.class.php 第 29 行.
NOTIC: [8] Undefined index: url D:\wamp\www\ThinkCMFX\application\Common\Controller\AppframeController.class.php 第 45 行.

[ 2015-10-12T21:46:01+08:00 ] ::1 /thinkcmfx/index.php/user/login/doforgot_password
INFO: [ app_begin ] --START--
INFO: Run Behavior\ReadHtmlCacheBehavior [ RunTime:0.000835s ]
INFO: Run Behavior\CheckLangBehavior [ RunTime:0.001369s ]
INFO: [ app_begin ] --END-- [ RunTime:0.002833s ]

[ 2015-10-12T21:46:04+08:00 ] ::1 /thinkcmfx/index.php/user/login/doforgot_password
INFO: [ app_begin ] --START--
INFO: Run Behavior\ReadHtmlCacheBehavior [ RunTime:0.001014s ]
INFO: Run Behavior\CheckLangBehavior [ RunTime:0.001564s ]
INFO: [ app_begin ] --END-- [ RunTime:0.003594s ]

[ 2015-10-12T21:46:10+08:00 ] ::1 /thinkcmfx/index.php/user/index/is_login
INFO: [ app_begin ] --START--
INFO: Run Behavior\ReadHtmlCacheBehavior [ RunTime:0.001094s ]
INFO: Run Behavior\CheckLangBehavior [ RunTime:0.001788s ]
INFO: [ app_begin ] --END-- [ RunTime:0.003772s ]
NOTIC: [8] Undefined index: orgid D:\wamp\www\ThinkCMFX\application\User\Controller\IndexController.class.php 第 29 行.
NOTIC: [8] Undefined index: url D:\wamp\www\ThinkCMFX\application\Common\Controller\AppframeController.class.php 第 45 行.

[ 2015-10-12T21:46:50+08:00 ] ::1 /thinkcmfx/index.php/user/index/is_login
INFO: [ app_begin ] --START--
INFO: Run Behavior\ReadHtmlCacheBehavior [ RunTime:0.000806s ]
INFO: Run Behavior\CheckLangBehavior [ RunTime:0.001195s ]
INFO: [ app_begin ] --END-- [ RunTime:0.002888s ]
NOTIC: [8] Undefined index: orgid D:\wamp\www\ThinkCMFX\application\User\Controller\IndexController.class.php 第 29 行.
NOTIC: [8] Undefined index: url D:\wamp\www\ThinkCMFX\application\Common\Controller\AppframeController.class.php 第 45 行.

[ 2015-10-12T21:46:55+08:00 ] ::1 /thinkcmfx/index.php/user/index/is_login
INFO: [ app_begin ] --START--
INFO: Run Behavior\ReadHtmlCacheBehavior [ RunTime:0.001070s ]
INFO: Run Behavior\CheckLangBehavior [ RunTime:0.002835s ]
INFO: [ app_begin ] --END-- [ RunTime:0.004841s ]
NOTIC: [8] Undefined index: orgid D:\wamp\www\ThinkCMFX\application\User\Controller\IndexController.class.php 第 29 行.
NOTIC: [8] Undefined index: url D:\wamp\www\ThinkCMFX\application\Common\Controller\AppframeController.class.php 第 45 行.

[ 2015-10-12T21:46:59+08:00 ] ::1 /thinkcmfx/index.php/user/index/is_login
INFO: [ app_begin ] --START--
INFO: Run Behavior\ReadHtmlCacheBehavior [ RunTime:0.000950s ]
INFO: Run Behavior\CheckLangBehavior [ RunTime:0.001772s ]
INFO: [ app_begin ] --END-- [ RunTime:0.003469s ]
NOTIC: [8] Undefined index: orgid D:\wamp\www\ThinkCMFX\application\User\Controller\IndexController.class.php 第 29 行.
NOTIC: [8] Undefined index: url D:\wamp\www\ThinkCMFX\application\Common\Controller\AppframeController.class.php 第 45 行.

[ 2015-10-12T21:47:04+08:00 ] ::1 /thinkcmfx/index.php/user/index/is_login
INFO: [ app_begin ] --START--
INFO: Run Behavior\ReadHtmlCacheBehavior [ RunTime:0.001019s ]
INFO: Run Behavior\CheckLangBehavior [ RunTime:0.001672s ]
INFO: [ app_begin ] --END-- [ RunTime:0.003685s ]
NOTIC: [8] Undefined index: orgid D:\wamp\www\ThinkCMFX\application\User\Controller\IndexController.class.php 第 29 行.
NOTIC: [8] Undefined index: url D:\wamp\www\ThinkCMFX\application\Common\Controller\AppframeController.class.php 第 45 行.

[ 2015-10-12T21:48:11+08:00 ] ::1 /thinkcmfx/index.php/user/index/is_login
INFO: [ app_begin ] --START--
INFO: Run Behavior\ReadHtmlCacheBehavior [ RunTime:0.000760s ]
INFO: Run Behavior\CheckLangBehavior [ RunTime:0.001440s ]
INFO: [ app_begin ] --END-- [ RunTime:0.003006s ]
NOTIC: [8] Undefined index: orgid D:\wamp\www\ThinkCMFX\application\User\Controller\IndexController.class.php 第 29 行.
NOTIC: [8] Undefined index: url D:\wamp\www\ThinkCMFX\application\Common\Controller\AppframeController.class.php 第 45 行.

[ 2015-10-12T21:48:17+08:00 ] ::1 /thinkcmfx/index.php/user/login/dologin
INFO: [ app_begin ] --START--
INFO: Run Behavior\ReadHtmlCacheBehavior [ RunTime:0.000678s ]
INFO: Run Behavior\CheckLangBehavior [ RunTime:0.001100s ]
INFO: [ app_begin ] --END-- [ RunTime:0.002448s ]
SQL: SHOW COLUMNS FROM `sp_users` [ RunTime:0.0135s ]
SQL: SELECT * FROM `sp_users` WHERE `user_login` = '3aaa' LIMIT 1   [ RunTime:0.0005s ]
SQL: UPDATE `sp_users` SET `last_login_time`='2015-10-12 21:48:17',`last_login_ip`='0.0.0.0' WHERE ( id=28 ) [ RunTime:0.0004s ]

[ 2015-10-12T21:48:18+08:00 ] ::1 /thinkcmfx/index.php/user/index/is_login
INFO: [ app_begin ] --START--
INFO: Run Behavior\ReadHtmlCacheBehavior [ RunTime:0.001511s ]
INFO: Run Behavior\CheckLangBehavior [ RunTime:0.001805s ]
INFO: [ app_begin ] --END-- [ RunTime:0.004123s ]
NOTIC: [8] Undefined index: orgid D:\wamp\www\ThinkCMFX\application\User\Controller\IndexController.class.php 第 29 行.
NOTIC: [8] Undefined index: url D:\wamp\www\ThinkCMFX\application\Common\Controller\AppframeController.class.php 第 45 行.

[ 2015-10-12T21:50:47+08:00 ] ::1 /thinkcmfx/index.php/user/login/dologin
INFO: [ app_begin ] --START--
INFO: Run Behavior\ReadHtmlCacheBehavior [ RunTime:0.000652s ]
INFO: Run Behavior\CheckLangBehavior [ RunTime:0.001067s ]
INFO: [ app_begin ] --END-- [ RunTime:0.002353s ]
SQL: SHOW COLUMNS FROM `sp_users` [ RunTime:0.0140s ]
SQL: SELECT * FROM `sp_users` WHERE `user_login` = 'yiqiao' LIMIT 1   [ RunTime:0.0006s ]
SQL: UPDATE `sp_users` SET `last_login_time`='2015-10-12 21:50:47',`last_login_ip`='0.0.0.0' WHERE ( id=2 ) [ RunTime:0.0005s ]

[ 2015-10-12T21:50:48+08:00 ] ::1 /thinkcmfx/index.php/user/index/is_login
INFO: [ app_begin ] --START--
INFO: Run Behavior\ReadHtmlCacheBehavior [ RunTime:0.001067s ]
INFO: Run Behavior\CheckLangBehavior [ RunTime:0.001524s ]
INFO: [ app_begin ] --END-- [ RunTime:0.003557s ]
NOTIC: [8] Undefined index: orgid D:\wamp\www\ThinkCMFX\application\User\Controller\IndexController.class.php 第 29 行.
NOTIC: [8] Undefined index: url D:\wamp\www\ThinkCMFX\application\Common\Controller\AppframeController.class.php 第 45 行.

[ 2015-10-12T21:51:23+08:00 ] ::1 /thinkcmfx/index.php/user/login/dologin
INFO: [ app_begin ] --START--
INFO: Run Behavior\ReadHtmlCacheBehavior [ RunTime:0.000827s ]
INFO: Run Behavior\CheckLangBehavior [ RunTime:0.001319s ]
INFO: [ app_begin ] --END-- [ RunTime:0.002774s ]
SQL: SHOW COLUMNS FROM `sp_users` [ RunTime:0.0127s ]
SQL: SELECT * FROM `sp_users` WHERE `user_login` = 'asdf' LIMIT 1   [ RunTime:0.0006s ]
SQL: UPDATE `sp_users` SET `last_login_time`='2015-10-12 21:51:23',`last_login_ip`='0.0.0.0' WHERE ( id=4 ) [ RunTime:0.0004s ]

[ 2015-10-12T21:51:24+08:00 ] ::1 /thinkcmfx/index.php/user/index/is_login
INFO: [ app_begin ] --START--
INFO: Run Behavior\ReadHtmlCacheBehavior [ RunTime:0.001006s ]
INFO: Run Behavior\CheckLangBehavior [ RunTime:0.002197s ]
INFO: [ app_begin ] --END-- [ RunTime:0.004068s ]
NOTIC: [8] Undefined index: orgid D:\wamp\www\ThinkCMFX\application\User\Controller\IndexController.class.php 第 29 行.
NOTIC: [8] Undefined index: url D:\wamp\www\ThinkCMFX\application\Common\Controller\AppframeController.class.php 第 45 行.

[ 2015-10-12T21:51:30+08:00 ] ::1 /thinkcmfx/index.php/user/index/is_login/orgid/3
INFO: [ app_begin ] --START--
INFO: Run Behavior\ReadHtmlCacheBehavior [ RunTime:0.000732s ]
INFO: Run Behavior\CheckLangBehavior [ RunTime:0.001239s ]
INFO: [ app_begin ] --END-- [ RunTime:0.002764s ]
SQL: SHOW COLUMNS FROM `sp_user_org` [ RunTime:0.0473s ]
SQL: SELECT * FROM `sp_user_org` WHERE `ORG_ID` = 3 AND `user_id` = '4' LIMIT 1   [ RunTime:0.0005s ]
NOTIC: [8] Undefined index: url D:\wamp\www\ThinkCMFX\application\Common\Controller\AppframeController.class.php 第 45 行.

[ 2015-10-12T21:51:52+08:00 ] ::1 /thinkcmfx/index.php/user/index/is_login/orgid/3
INFO: [ app_begin ] --START--
INFO: Run Behavior\ReadHtmlCacheBehavior [ RunTime:0.001251s ]
INFO: Run Behavior\CheckLangBehavior [ RunTime:0.001797s ]
INFO: [ app_begin ] --END-- [ RunTime:0.004036s ]
SQL: SHOW COLUMNS FROM `sp_user_org` [ RunTime:0.0290s ]
SQL: SELECT * FROM `sp_user_org` WHERE `ORG_ID` = 3 AND `user_id` = '4' LIMIT 1   [ RunTime:0.0006s ]
NOTIC: [8] Undefined index: url D:\wamp\www\ThinkCMFX\application\Common\Controller\AppframeController.class.php 第 45 行.

